<?xml version="1.0" encoding="UTF-8"?>
<!-- Generated by org.testng.reporters.JUnitReportReporter -->
<testsuite hostname="EPBYMINW3159" name="com.epam.atm.module5.MailRuTest" tests="3" failures="0" timestamp="6 Jul 2018 07:07:54 GMT" time="30.756" errors="0">
  <testcase name="mailRuMailCreationTest" time="6.498" classname="com.epam.atm.module5.MailRuTest"/>
  <testcase name="mailRuMailSendingTest" time="14.737" classname="com.epam.atm.module5.MailRuTest"/>
  <testcase name="mailRuLoginTest" time="9.521" classname="com.epam.atm.module5.MailRuTest"/>
</testsuite> <!-- com.epam.atm.module5.MailRuTest -->
