<?xml version="1.0" encoding="UTF-8"?>
<!-- Generated by org.testng.reporters.JUnitReportReporter -->
<testsuite hostname="EPBYMINW3159" name="com.epam.atm.module5.MailRuLoginTest" tests="1" failures="0" timestamp="5 Jul 2018 18:28:15 GMT" time="25.526" errors="0">
  <testcase name="mailRuLoginTest" time="25.526" classname="com.epam.atm.module5.MailRuLoginTest"/>
</testsuite> <!-- com.epam.atm.module5.MailRuLoginTest -->
